<?xml version="1.0" encoding="UTF-8"?>
<!-- Generated by org.testng.reporters.JUnitXMLReporter -->
<testsuite ignored="0" hostname="LAPTOP-PHGVLTR7" failures="1" tests="1" name="Test_chrome" time="29.234" errors="0" timestamp="2022-06-28T18:20:53 PDT">
  <testcase classname="com.test.VerifyLoginPage" name="tc_01_loginverifywithvaliddata" time="20.318">
    <failure type="java.lang.AssertionError" message="expected [true] but found [false]">
      <![CDATA[java.lang.AssertionError: expected [true] but found [false]
at com.test.VerifyLoginPage.tc_01_loginverifywithvaliddata(VerifyLoginPage.java:22)
at java.base/java.util.ArrayList.forEach(ArrayList.java:1511)
... Removed 31 stack frames]]>
    </failure>
  </testcase> <!-- tc_01_loginverifywithvaliddata -->
</testsuite> <!-- Test_chrome -->
